Thu Mar 21 22:21:00 UTC 2024
MaxEnt version 3.4.3
Reading file absence
readGrid: max memory 518979584, total allocated 81264640, free 10019168, used 71245472, increment 61825768
Reading samples from presence
Read samples: max memory 518979584, total allocated 81264640, free 7284800, used 73979840, increment 2734368
Adding samples to background in feature space
Command line used:  autorun -e maxent_outputs/absence -o maxent_outputs -s maxent_outputs/presence -z
Command line to repeat: java density.MaxEnt nowarnings noprefixes outputdirectory=maxent_outputs samplesfile=maxent_outputs/presence environmentallayers=maxent_outputs/absence autorun novisible
Species: species
Layers: wc2.1_2.5m_bio_1 wc2.1_2.5m_bio_10 wc2.1_2.5m_bio_11 wc2.1_2.5m_bio_12 wc2.1_2.5m_bio_13 wc2.1_2.5m_bio_14 wc2.1_2.5m_bio_15 wc2.1_2.5m_bio_16 wc2.1_2.5m_bio_17 wc2.1_2.5m_bio_18 wc2.1_2.5m_bio_19 wc2.1_2.5m_bio_2 wc2.1_2.5m_bio_3 wc2.1_2.5m_bio_4 wc2.1_2.5m_bio_5 wc2.1_2.5m_bio_6 wc2.1_2.5m_bio_7 wc2.1_2.5m_bio_8 wc2.1_2.5m_bio_9
Layertypes: Continuous Continuous Continuous Continuous Continuous Continuous Continuous Continuous Continuous Continuous Continuous Continuous Continuous Continuous Continuous Continuous Continuous Continuous Continuous
outputdirectory: maxent_outputs
samplesfile: maxent_outputs/presence
environmentallayers: maxent_outputs/absence
autorun: true
visible: false

getSamples: max memory 518979584, total allocated 81264640, free 26098864, used 55165776, increment -18814064
Making features
makeFeatures: max memory 518979584, total allocated 81264640, free 25196344, used 56068296, increment 902520
species: 
Regularization values: linear/quadratic/product: 0.050, categorical: 0.250, threshold: 1.000, hinge: 0.500
183 samples
Density: max memory 518979584, total allocated 81264640, free 22947152, used 58317488, increment 2249192
linearPredictor: max memory 518979584, total allocated 81264640, free 22947152, used 58317488, increment 0
FeaturedSpace: max memory 518979584, total allocated 81264640, free 22947152, used 58317488, increment 0
Sequential: max memory 518979584, total allocated 81264640, free 22947152, used 58317488, increment 0
Initial loss: 5.8888779583328805
500: time = 0.779000 loss = 5.582129
Resulting gain: 0.30674873960566984
Time since start: 1.138
Projecting...
Writing file maxent_outputs/species.csv
Ending
